d:\sem31\netprogramming\labs\lab2\sp02_com\sp02_com\x64\debug\sp02_com.pch
d:\sem31\netprogramming\labs\lab2\sp02_com\sp02_com\x64\debug\vc143.pdb
d:\sem31\netprogramming\labs\lab2\sp02_com\sp02_com\x64\debug\vc143.idb
d:\sem31\netprogramming\labs\lab2\sp02_com\sp02_com\x64\debug\pch.obj
d:\sem31\netprogramming\labs\lab2\sp02_com\sp02_com\x64\debug\sp02.obj
d:\sem31\netprogramming\labs\lab2\sp02_com\sp02_com\x64\debug\registry.obj
d:\sem31\netprogramming\labs\lab2\sp02_com\sp02_com\x64\debug\operfactory.obj
d:\sem31\netprogramming\labs\lab2\sp02_com\sp02_com\x64\debug\dllmain.obj
d:\sem31\netprogramming\labs\lab2\sp02_com\sp02_com\x64\debug\sp02_com.ilk
d:\sem31\netprogramming\labs\lab2\sp02_com\x64\debug\sp02_com.dll
d:\sem31\netprogramming\labs\lab2\sp02_com\x64\debug\sp02_com.pdb
d:\sem31\netprogramming\labs\lab2\sp02_com\x64\debug\sp02_com.lib
d:\sem31\netprogramming\labs\lab2\sp02_com\x64\debug\sp02_com.exp
d:\sem31\netprogramming\labs\lab2\sp02_com\sp02_com\x64\debug\sp02_com.tlog\cl.command.1.tlog
d:\sem31\netprogramming\labs\lab2\sp02_com\sp02_com\x64\debug\sp02_com.tlog\cl.items.tlog
d:\sem31\netprogramming\labs\lab2\sp02_com\sp02_com\x64\debug\sp02_com.tlog\cl.read.1.tlog
d:\sem31\netprogramming\labs\lab2\sp02_com\sp02_com\x64\debug\sp02_com.tlog\cl.write.1.tlog
d:\sem31\netprogramming\labs\lab2\sp02_com\sp02_com\x64\debug\sp02_com.tlog\link.command.1.tlog
d:\sem31\netprogramming\labs\lab2\sp02_com\sp02_com\x64\debug\sp02_com.tlog\link.read.1.tlog
d:\sem31\netprogramming\labs\lab2\sp02_com\sp02_com\x64\debug\sp02_com.tlog\link.write.1.tlog
d:\sem31\netprogramming\labs\lab2\sp02_com\sp02_com\x64\debug\sp02_com.tlog\link.write.2u.tlog
