d:\sem31\netprogramming\labs\lab7_ht_com\lab7_ht_com\x64\debug\lab7_ht_com.pch
d:\sem31\netprogramming\labs\lab7_ht_com\lab7_ht_com\x64\debug\vc143.pdb
d:\sem31\netprogramming\labs\lab7_ht_com\lab7_ht_com\x64\debug\vc143.idb
d:\sem31\netprogramming\labs\lab7_ht_com\lab7_ht_com\x64\debug\pch.obj
d:\sem31\netprogramming\labs\lab7_ht_com\lab7_ht_com\x64\debug\registry.obj
d:\sem31\netprogramming\labs\lab7_ht_com\lab7_ht_com\x64\debug\operfactory.obj
d:\sem31\netprogramming\labs\lab7_ht_com\lab7_ht_com\x64\debug\ht.obj
d:\sem31\netprogramming\labs\lab7_ht_com\lab7_ht_com\x64\debug\dllmain.obj
d:\sem31\netprogramming\labs\lab7_ht_com\lab7_ht_com\x64\debug\dllcom.obj
d:\sem31\netprogramming\labs\lab7_ht_com\lab7_ht_com\x64\debug\ca.obj
d:\sem31\netprogramming\labs\lab7_ht_com\lab7_ht_com\x64\debug\lab7_ht_com.ilk
d:\sem31\netprogramming\labs\lab7_ht_com\x64\debug\lab7_ht_com.dll
d:\sem31\netprogramming\labs\lab7_ht_com\x64\debug\lab7_ht_com.pdb
d:\sem31\netprogramming\labs\lab7_ht_com\x64\debug\lab7_ht_com.lib
d:\sem31\netprogramming\labs\lab7_ht_com\x64\debug\lab7_ht_com.exp
d:\sem31\netprogramming\labs\lab7_ht_com\lab7_ht_com\x64\debug\lab7_ht_com.tlog\cl.command.1.tlog
d:\sem31\netprogramming\labs\lab7_ht_com\lab7_ht_com\x64\debug\lab7_ht_com.tlog\cl.items.tlog
d:\sem31\netprogramming\labs\lab7_ht_com\lab7_ht_com\x64\debug\lab7_ht_com.tlog\cl.read.1.tlog
d:\sem31\netprogramming\labs\lab7_ht_com\lab7_ht_com\x64\debug\lab7_ht_com.tlog\cl.write.1.tlog
d:\sem31\netprogramming\labs\lab7_ht_com\lab7_ht_com\x64\debug\lab7_ht_com.tlog\link.command.1.tlog
d:\sem31\netprogramming\labs\lab7_ht_com\lab7_ht_com\x64\debug\lab7_ht_com.tlog\link.read.1.tlog
d:\sem31\netprogramming\labs\lab7_ht_com\lab7_ht_com\x64\debug\lab7_ht_com.tlog\link.write.1.tlog
d:\sem31\netprogramming\labs\lab7_ht_com\lab7_ht_com\x64\debug\lab7_ht_com.tlog\link.write.2u.tlog
